<?xml version="1.0" encoding="UTF-8"?>
<testng-results ignored="0" total="1" passed="1" failed="0" skipped="0">
  <reporter-output>
  </reporter-output>
  <suite started-at="2021-12-31T16:08:57 IST" name="Suite" finished-at="2021-12-31T16:09:05 IST" duration-ms="8687">
    <groups>
    </groups>
    <test started-at="2021-12-31T16:08:57 IST" name="Test Chrome" finished-at="2021-12-31T16:09:05 IST" duration-ms="8687">
      <class name="com.qa.testscripts.TC_SnapDeal_001">
        <test-method is-config="true" signature="setUp(java.lang.String,java.lang.String)[pri:0, instance:com.qa.testscripts.TC_SnapDeal_001@6e4784bc]" started-at="2021-12-31T16:08:57 IST" name="setUp" finished-at="2021-12-31T16:09:03 IST" duration-ms="6717" status="PASS">
          <params>
            <param index="0">
              <value>
                <![CDATA[Chrome]]>
              </value>
            </param>
            <param index="1">
              <value>
                <![CDATA[http://www.snapdeal.com/]]>
              </value>
            </param>
          </params>
          <reporter-output>
          </reporter-output>
        </test-method> <!-- setUp -->
        <test-method signature="searchItems()[pri:0, instance:com.qa.testscripts.TC_SnapDeal_001@6e4784bc]" started-at="2021-12-31T16:09:04 IST" name="searchItems" finished-at="2021-12-31T16:09:05 IST" duration-ms="1736" status="PASS">
          <reporter-output>
          </reporter-output>
        </test-method> <!-- searchItems -->
        <test-method is-config="true" signature="tearDown()[pri:0, instance:com.qa.testscripts.TC_SnapDeal_001@6e4784bc]" started-at="2021-12-31T16:09:05 IST" name="tearDown" finished-at="2021-12-31T16:09:05 IST" duration-ms="182" status="PASS">
          <reporter-output>
          </reporter-output>
        </test-method> <!-- tearDown -->
      </class> <!-- com.qa.testscripts.TC_SnapDeal_001 -->
    </test> <!-- Test Chrome -->
  </suite> <!-- Suite -->
</testng-results>
